

***********************************************************************
Fatal NI connect error 12514, connecting to:
 (DESCRIPTION=(ADDRESS=(PROTOCOL=TCP)(HOST=szk2008)(PORT=1521))(CONNECT_DATA=(SERVICE_NAME=KTRS)(CID=(PROGRAM=D:\Tkss_new\TKSS00.exe)(HOST=HOC1-191)(USER=Administrator))))

  VERSION INFORMATION:
	TNS for 32-bit Windows: Version 9.2.0.1.0 - Production
	Windows NT TCP/IP NT Protocol Adapter for 32-bit Windows: Version 9.2.0.1.0 - Production
  Time: 04-JUN-2016 06:47:26
  Tracing not turned on.
  Tns error struct:
    nr err code: 0
    ns main err code: 12564
    TNS-12564: TNS: ê⁄ë±Ç™ãëî€Ç≥ÇÍÇ‹ÇµÇΩÅB
    ns secondary err code: 0
    nt main err code: 0
    nt secondary err code: 0
    nt OS err code: 0


***********************************************************************
Fatal NI connect error 12514, connecting to:
 (DESCRIPTION=(ADDRESS=(PROTOCOL=TCP)(HOST=szk2008)(PORT=1521))(CONNECT_DATA=(SERVICE_NAME=KTRS)(CID=(PROGRAM=D:\Tkss_new\TKSS00.exe)(HOST=HOC1-191)(USER=Administrator))))

  VERSION INFORMATION:
	TNS for 32-bit Windows: Version 9.2.0.1.0 - Production
	Windows NT TCP/IP NT Protocol Adapter for 32-bit Windows: Version 9.2.0.1.0 - Production
  Time: 04-JUN-2016 06:48:02
  Tracing not turned on.
  Tns error struct:
    nr err code: 0
    ns main err code: 12564
    TNS-12564: TNS: ê⁄ë±Ç™ãëî€Ç≥ÇÍÇ‹ÇµÇΩÅB
    ns secondary err code: 0
    nt main err code: 0
    nt secondary err code: 0
    nt OS err code: 0
