

***********************************************************************
Fatal OSN connect error 12547, connecting to:
 (DESCRIPTION=(ADDRESS_LIST=(ADDRESS=(PROTOCOL=BEQ)(PROGRAM=oracle80)(ARGV0=oracle80ORCL)(ARGS='(DESCRIPTION=(LOCAL=YES)(ADDRESS=(PROTOCOL=beq)))')))(CONNECT_DATA=(SID=ORCL)(CID=(PROGRAM=TKSS02.exe)(HOST=UNICSPC37E)(USER=takase))))

  VERSION INFORMATION:
	TNS for 32-bit Windows: Version 2.3.4.0.0 - Production
	Oracle Bequeath NT Protocol Adapter for 32-bit Windows: Version 2.3.4.0.0 - Production
  Time: 28-AUG-03 18:36:58
  Tracing not turned on.
  Tns error struct:
    nr err code: 12206
    TNS-12206: TNS: ナビゲーション中にTNSエラーを受け取りました。
    ns main err code: 12547
    TNS-12547: TNS: コンタクトが消失しました。
    ns secondary err code: 12560
    nt main err code: 517
    TNS-00517: コンタクトがなくなりました。
    nt secondary err code: 0
    nt OS err code: 0


***********************************************************************
Fatal OSN connect error 12547, connecting to:
 (DESCRIPTION=(ADDRESS_LIST=(ADDRESS=(PROTOCOL=BEQ)(PROGRAM=oracle80)(ARGV0=oracle80ORCL)(ARGS='(DESCRIPTION=(LOCAL=YES)(ADDRESS=(PROTOCOL=beq)))')))(CONNECT_DATA=(SID=ORCL)(CID=(PROGRAM=TKSS02.exe)(HOST=UNICSPC37E)(USER=takase))))

  VERSION INFORMATION:
	TNS for 32-bit Windows: Version 2.3.4.0.0 - Production
	Oracle Bequeath NT Protocol Adapter for 32-bit Windows: Version 2.3.4.0.0 - Production
  Time: 28-AUG-03 18:37:51
  Tracing not turned on.
  Tns error struct:
    nr err code: 12206
    TNS-12206: TNS: ナビゲーション中にTNSエラーを受け取りました。
    ns main err code: 12547
    TNS-12547: TNS: コンタクトが消失しました。
    ns secondary err code: 12560
    nt main err code: 517
    TNS-00517: コンタクトがなくなりました。
    nt secondary err code: 0
    nt OS err code: 0


***********************************************************************
Fatal OSN connect error 12547, connecting to:
 (DESCRIPTION=(ADDRESS_LIST=(ADDRESS=(PROTOCOL=BEQ)(PROGRAM=oracle80)(ARGV0=oracle80ORCL)(ARGS='(DESCRIPTION=(LOCAL=YES)(ADDRESS=(PROTOCOL=beq)))')))(CONNECT_DATA=(SID=ORCL)(CID=(PROGRAM=TKSS02.exe)(HOST=UNICSPC37E)(USER=takase))))

  VERSION INFORMATION:
	TNS for 32-bit Windows: Version 2.3.4.0.0 - Production
	Oracle Bequeath NT Protocol Adapter for 32-bit Windows: Version 2.3.4.0.0 - Production
  Time: 28-AUG-03 18:38:19
  Tracing not turned on.
  Tns error struct:
    nr err code: 12206
    TNS-12206: TNS: ナビゲーション中にTNSエラーを受け取りました。
    ns main err code: 12547
    TNS-12547: TNS: コンタクトが消失しました。
    ns secondary err code: 12560
    nt main err code: 517
    TNS-00517: コンタクトがなくなりました。
    nt secondary err code: 0
    nt OS err code: 0


***********************************************************************
Fatal OSN connect error 12547, connecting to:
 (DESCRIPTION=(ADDRESS_LIST=(ADDRESS=(PROTOCOL=BEQ)(PROGRAM=oracle80)(ARGV0=oracle80ORCL)(ARGS='(DESCRIPTION=(LOCAL=YES)(ADDRESS=(PROTOCOL=beq)))')))(CONNECT_DATA=(SID=ORCL)(CID=(PROGRAM=TKSS02.exe)(HOST=UNICSPC37E)(USER=takase))))

  VERSION INFORMATION:
	TNS for 32-bit Windows: Version 2.3.4.0.0 - Production
	Oracle Bequeath NT Protocol Adapter for 32-bit Windows: Version 2.3.4.0.0 - Production
  Time: 28-AUG-03 18:40:20
  Tracing not turned on.
  Tns error struct:
    nr err code: 12206
    TNS-12206: TNS: ナビゲーション中にTNSエラーを受け取りました。
    ns main err code: 12547
    TNS-12547: TNS: コンタクトが消失しました。
    ns secondary err code: 12560
    nt main err code: 517
    TNS-00517: コンタクトがなくなりました。
    nt secondary err code: 0
    nt OS err code: 0


***********************************************************************
Fatal OSN connect error 12203, connecting to:
 (DESCRIPTION=(ADDRESS_LIST=(ADDRESS=(COMMUNITY=tcp.world)(PROTOCOL=TCP)(Host=155.160.126.143)(Port=1521))(ADDRESS=(COMMUNITY=tcp.world)(PROTOCOL=TCP)(Host=155.160.126.143)(Port=1526)))(CONNECT_DATA=(SID=ORCL)(CID=(PROGRAM=TKSS02.exe)(HOST=UNICSPC37E)(USER=takase))))

  VERSION INFORMATION:
	TNS for 32-bit Windows: Version 2.3.4.0.0 - Production
	Windows NT TCP/IP NT Protocol Adapter for 32-bit Windows: Version 2.3.4.0.0 - Production
  Time: 08-SEP-03 23:03:58
  Tracing not turned on.
  Tns error struct:
    nr err code: 12203
    TNS-12203: TNS: 接続先に接続できません。
    ns main err code: 12541
    TNS-12541: TNS: リスナーはありません。
    ns secondary err code: 12560
    nt main err code: 511
    TNS-00511: リスナーがありません。
    nt secondary err code: 61
    nt OS err code: 0


***********************************************************************
Fatal OSN connect error 12547, connecting to:
 (DESCRIPTION=(ADDRESS_LIST=(ADDRESS=(PROTOCOL=BEQ)(PROGRAM=oracle80)(ARGV0=oracle80ORCL)(ARGS='(DESCRIPTION=(LOCAL=YES)(ADDRESS=(PROTOCOL=beq)))')))(CONNECT_DATA=(SID=ORCL)(CID=(PROGRAM=TKSS02.exe)(HOST=UNICSPC37E)(USER=takase))))

  VERSION INFORMATION:
	TNS for 32-bit Windows: Version 2.3.4.0.0 - Production
	Oracle Bequeath NT Protocol Adapter for 32-bit Windows: Version 2.3.4.0.0 - Production
  Time: 08-SEP-03 23:03:58
  Tracing not turned on.
  Tns error struct:
    nr err code: 12206
    TNS-12206: TNS: ナビゲーション中にTNSエラーを受け取りました。
    ns main err code: 12547
    TNS-12547: TNS: コンタクトが消失しました。
    ns secondary err code: 12560
    nt main err code: 517
    TNS-00517: コンタクトがなくなりました。
    nt secondary err code: 0
    nt OS err code: 0


***********************************************************************
Fatal OSN connect error 12203, connecting to:
 (DESCRIPTION=(ADDRESS_LIST=(ADDRESS=(COMMUNITY=tcp.world)(PROTOCOL=TCP)(Host=155.160.126.143)(Port=1521))(ADDRESS=(COMMUNITY=tcp.world)(PROTOCOL=TCP)(Host=155.160.126.143)(Port=1526)))(CONNECT_DATA=(SID=ORCL)(CID=(PROGRAM=TKSS02.exe)(HOST=UNICSPC37E)(USER=takase))))

  VERSION INFORMATION:
	TNS for 32-bit Windows: Version 2.3.4.0.0 - Production
	Windows NT TCP/IP NT Protocol Adapter for 32-bit Windows: Version 2.3.4.0.0 - Production
  Time: 08-SEP-03 23:04:02
  Tracing not turned on.
  Tns error struct:
    nr err code: 12203
    TNS-12203: TNS: 接続先に接続できません。
    ns main err code: 12541
    TNS-12541: TNS: リスナーはありません。
    ns secondary err code: 12560
    nt main err code: 511
    TNS-00511: リスナーがありません。
    nt secondary err code: 61
    nt OS err code: 0


***********************************************************************
Fatal OSN connect error 12547, connecting to:
 (DESCRIPTION=(ADDRESS_LIST=(ADDRESS=(PROTOCOL=BEQ)(PROGRAM=oracle80)(ARGV0=oracle80ORCL)(ARGS='(DESCRIPTION=(LOCAL=YES)(ADDRESS=(PROTOCOL=beq)))')))(CONNECT_DATA=(SID=ORCL)(CID=(PROGRAM=TKSS02.exe)(HOST=UNICSPC37E)(USER=takase))))

  VERSION INFORMATION:
	TNS for 32-bit Windows: Version 2.3.4.0.0 - Production
	Oracle Bequeath NT Protocol Adapter for 32-bit Windows: Version 2.3.4.0.0 - Production
  Time: 08-SEP-03 23:04:02
  Tracing not turned on.
  Tns error struct:
    nr err code: 12206
    TNS-12206: TNS: ナビゲーション中にTNSエラーを受け取りました。
    ns main err code: 12547
    TNS-12547: TNS: コンタクトが消失しました。
    ns secondary err code: 12560
    nt main err code: 517
    TNS-00517: コンタクトがなくなりました。
    nt secondary err code: 0
    nt OS err code: 0


***********************************************************************
Fatal OSN connect error 12547, connecting to:
 (DESCRIPTION=(ADDRESS_LIST=(ADDRESS=(PROTOCOL=BEQ)(PROGRAM=oracle80)(ARGV0=oracle80ORCL)(ARGS='(DESCRIPTION=(LOCAL=YES)(ADDRESS=(PROTOCOL=beq)))')))(CONNECT_DATA=(SID=ORCL)(CID=(PROGRAM=TKSS02.exe)(HOST=UNICSPC37E)(USER=takase))))

  VERSION INFORMATION:
	TNS for 32-bit Windows: Version 2.3.4.0.0 - Production
	Oracle Bequeath NT Protocol Adapter for 32-bit Windows: Version 2.3.4.0.0 - Production
  Time: 08-SEP-03 23:11:37
  Tracing not turned on.
  Tns error struct:
    nr err code: 12206
    TNS-12206: TNS: ナビゲーション中にTNSエラーを受け取りました。
    ns main err code: 12547
    TNS-12547: TNS: コンタクトが消失しました。
    ns secondary err code: 12560
    nt main err code: 517
    TNS-00517: コンタクトがなくなりました。
    nt secondary err code: 0
    nt OS err code: 0


***********************************************************************
Fatal OSN connect error 12547, connecting to:
 (DESCRIPTION=(ADDRESS_LIST=(ADDRESS=(PROTOCOL=BEQ)(PROGRAM=oracle80)(ARGV0=oracle80ORCL)(ARGS='(DESCRIPTION=(LOCAL=YES)(ADDRESS=(PROTOCOL=beq)))')))(CONNECT_DATA=(SID=ORCL)(CID=(PROGRAM=TKSS02.exe)(HOST=UNICSPC37E)(USER=takase))))

  VERSION INFORMATION:
	TNS for 32-bit Windows: Version 2.3.4.0.0 - Production
	Oracle Bequeath NT Protocol Adapter for 32-bit Windows: Version 2.3.4.0.0 - Production
  Time: 08-SEP-03 23:12:30
  Tracing not turned on.
  Tns error struct:
    nr err code: 12206
    TNS-12206: TNS: ナビゲーション中にTNSエラーを受け取りました。
    ns main err code: 12547
    TNS-12547: TNS: コンタクトが消失しました。
    ns secondary err code: 12560
    nt main err code: 517
    TNS-00517: コンタクトがなくなりました。
    nt secondary err code: 0
    nt OS err code: 0


***********************************************************************
Fatal OSN connect error 12547, connecting to:
 (DESCRIPTION=(ADDRESS_LIST=(ADDRESS=(PROTOCOL=BEQ)(PROGRAM=oracle80)(ARGV0=oracle80ORCL)(ARGS='(DESCRIPTION=(LOCAL=YES)(ADDRESS=(PROTOCOL=beq)))')))(CONNECT_DATA=(SID=ORCL)(CID=(PROGRAM=TKSS02.exe)(HOST=UNICSPC37E)(USER=takase))))

  VERSION INFORMATION:
	TNS for 32-bit Windows: Version 2.3.4.0.0 - Production
	Oracle Bequeath NT Protocol Adapter for 32-bit Windows: Version 2.3.4.0.0 - Production
  Time: 08-SEP-03 23:12:40
  Tracing not turned on.
  Tns error struct:
    nr err code: 12206
    TNS-12206: TNS: ナビゲーション中にTNSエラーを受け取りました。
    ns main err code: 12547
    TNS-12547: TNS: コンタクトが消失しました。
    ns secondary err code: 12560
    nt main err code: 517
    TNS-00517: コンタクトがなくなりました。
    nt secondary err code: 0
    nt OS err code: 0


***********************************************************************
Fatal NI connect error 12560, connecting to:
 (DESCRIPTION=(ADDRESS=(PROTOCOL=TCP)(HOST=10.1.1.8)(PORT=1521))(CONNECT_DATA=(SERVICE_NAME=KTRS)(CID=(PROGRAM=D:\Tkss_new\Tkss02\TKSS02.exe)(HOST=HOC1-058)(USER=Administrator))))

  VERSION INFORMATION:
	TNS for 32-bit Windows: Version 9.2.0.1.0 - Production
	Windows NT TCP/IP NT Protocol Adapter for 32-bit Windows: Version 9.2.0.1.0 - Production
  Time: 01-DEC-2015 11:42:45
  Tracing not turned on.
  Tns error struct:
    nr err code: 0
    ns main err code: 12560
    TNS-12560: TNS: プロトコル・アダプタ・エラー
    ns secondary err code: 0
    nt main err code: 538
    TNS-00538: Message 538 not found;  product=NETWORK; facility=TNS

    nt secondary err code: 65
    nt OS err code: 0


***********************************************************************
Fatal NI connect error 12560, connecting to:
 (DESCRIPTION=(ADDRESS=(PROTOCOL=TCP)(HOST=10.1.1.8)(PORT=1521))(CONNECT_DATA=(SERVICE_NAME=KTRS)(CID=(PROGRAM=D:\Tkss_new\Tkss02\TKSS02.exe)(HOST=HOC1-058)(USER=Administrator))))

  VERSION INFORMATION:
	TNS for 32-bit Windows: Version 9.2.0.1.0 - Production
	Windows NT TCP/IP NT Protocol Adapter for 32-bit Windows: Version 9.2.0.1.0 - Production
  Time: 01-DEC-2015 11:42:49
  Tracing not turned on.
  Tns error struct:
    nr err code: 0
    ns main err code: 12560
    TNS-12560: TNS: プロトコル・アダプタ・エラー
    ns secondary err code: 0
    nt main err code: 538
    TNS-00538: Message 538 not found;  product=NETWORK; facility=TNS

    nt secondary err code: 65
    nt OS err code: 0
