AddDataKSD22             DTKSHIN：028531-8051          LOTNO：30213   
AddDataKSD21             DTKSHIN：028531-8051          LOTNO：30213   
AddDataKSD22             DTKSHIN：028531-8051          LOTNO：30214   
AddDataKSD21             DTKSHIN：028531-8051          LOTNO：30214   
   Error：一般 SQL ｴﾗｰです
ORA-00936: 式がありません。(AddDataKSD22)
AddDataKSD21             DTKSHIN：160911-0111          LOTNO：30994   
   Error：一般 SQL ｴﾗｰです
ORA-00936: 式がありません。(AddDataKSD22)
AddDataKSD21             DTKSHIN：160911-0111          LOTNO：30995   
UpdDataKSD22             DTKSHIN：235231-0060          LOTNO：32268   
UpdDataKSD21             DTKSHIN：235231-0060          LOTNO：32268   
UpdDataKSD22             DTKSHIN：272772-5140          LOTNO：11427   
UpdDataKSD21             DTKSHIN：272772-5140          LOTNO：11427   
AddDataKSD22             DTKSHIN：M648C35771D          LOTNO：30029   
AddDataKSD21             DTKSHIN：M648C35771D          LOTNO：30029   
AddDataKSD22             DTKSHIN：M648C38371D HI       LOTNO：30061   
AddDataKSD21             DTKSHIN：M648C38371D HI       LOTNO：30061   
AddDataKSD22             DTKSHIN：M648C38371D HI       LOTNO：30062   
AddDataKSD21             DTKSHIN：M648C38371D HI       LOTNO：30062   
AddDataKSD22             DTKSHIN：Q648D02771C          LOTNO：31673   
AddDataKSD21             DTKSHIN：Q648D02771C          LOTNO：31673   
UpdDataKSD21_UPDCNT      DTKSHIN：Q648D02771C          LOTNO：31673   
UpdDataKSD21_UPDCNT      DTKSHIN：Q648D02771C          LOTNO：31673   
UpdDataKSD21_UPDCNT      DTKSHIN：Q648D02771C          LOTNO：31673   
UpdDataKSD21_UPDCNT      DTKSHIN：Q648D02771C          LOTNO：31673   
UpdDataKSD21_UPDCNT      DTKSHIN：Q648D02771C          LOTNO：31673   
UpdDataKSD21_UPDCNT      DTKSHIN：Q648D02771C          LOTNO：31673   
UpdDataKSD21_UPDCNT      DTKSHIN：Q648D02771C          LOTNO：31673   
UpdDataKSD21_UPDCNT      DTKSHIN：Q648D02771C          LOTNO：31673   
UpdDataKSD21_UPDCNT      DTKSHIN：Q648D02771C          LOTNO：31673   
UpdDataKSD21_UPDCNT      DTKSHIN：Q648D02771C          LOTNO：31673   
