

***********************************************************************
Fatal OSN connect error 12203, connecting to:
 (DESCRIPTION=(ADDRESS_LIST=(ADDRESS=(COMMUNITY=tcp.world)(PROTOCOL=TCP)(Host=155.160.126.143)(Port=1521))(ADDRESS=(COMMUNITY=tcp.world)(PROTOCOL=TCP)(Host=155.160.126.143)(Port=1526)))(CONNECT_DATA=(SID=ORCL)(CID=(PROGRAM=TKSS00.exe)(HOST=MC-B039)(USER=takase))))

  VERSION INFORMATION:
	TNS for 32-bit Windows: Version 2.3.4.0.0 - Production
	Windows NT TCP/IP NT Protocol Adapter for 32-bit Windows: Version 2.3.4.0.0 - Production
  Time: 06-SEP-04 09:08:16
  Tracing not turned on.
  Tns error struct:
    nr err code: 12203
    TNS-12203: TNS: 接続先に接続できません。
    ns main err code: 12543
    TNS-12543: TNS: 接続先ホストに到達できません。
    ns secondary err code: 12560
    nt main err code: 513
    TNS-00513: 接続先ホストに到達できません。
    nt secondary err code: 51
    nt OS err code: 0


***********************************************************************
Fatal OSN connect error 12547, connecting to:
 (DESCRIPTION=(ADDRESS_LIST=(ADDRESS=(PROTOCOL=BEQ)(PROGRAM=oracle80)(ARGV0=oracle80ORCL)(ARGS='(DESCRIPTION=(LOCAL=YES)(ADDRESS=(PROTOCOL=beq)))')))(CONNECT_DATA=(SID=ORCL)(CID=(PROGRAM=TKSS00.exe)(HOST=MC-B039)(USER=takase))))

  VERSION INFORMATION:
	TNS for 32-bit Windows: Version 2.3.4.0.0 - Production
	Oracle Bequeath NT Protocol Adapter for 32-bit Windows: Version 2.3.4.0.0 - Production
  Time: 06-SEP-04 09:08:16
  Tracing not turned on.
  Tns error struct:
    nr err code: 12206
    TNS-12206: TNS: ナビゲーション中にTNSエラーを受け取りました。
    ns main err code: 12547
    TNS-12547: TNS: コンタクトが消失しました。
    ns secondary err code: 12560
    nt main err code: 517
    TNS-00517: コンタクトがなくなりました。
    nt secondary err code: 0
    nt OS err code: 0


***********************************************************************
Fatal OSN connect error 12518, connecting to:
 (DESCRIPTION=(ADDRESS_LIST=(ADDRESS=(COMMUNITY=tcp.world)(PROTOCOL=TCP)(Host=172.18.209.19)(Port=1521))(ADDRESS=(COMMUNITY=tcp.world)(PROTOCOL=TCP)(Host=172.18.209.19)(Port=1526)))(CONNECT_DATA=(SID=ORCL)(CID=(PROGRAM=TKSS00.exe)(HOST=MC-B039)(USER=takase))))

  VERSION INFORMATION:
	TNS for 32-bit Windows: Version 2.3.4.0.0 - Production
	Windows NT TCP/IP NT Protocol Adapter for 32-bit Windows: Version 2.3.4.0.0 - Production
  Time: 06-SEP-04 09:12:07
  Tracing not turned on.
  Tns error struct:
    nr err code: 12204
    TNS-12204: TNS: 受信データはアプリケーションから拒否されました。
    ns main err code: 12564
    TNS-12564: TNS: 接続は拒否されました。
    ns secondary err code: 0
    nt main err code: 0
    nt secondary err code: 0
    nt OS err code: 0


***********************************************************************
Fatal OSN connect error 12547, connecting to:
 (DESCRIPTION=(ADDRESS_LIST=(ADDRESS=(PROTOCOL=BEQ)(PROGRAM=oracle80)(ARGV0=oracle80ORCL)(ARGS='(DESCRIPTION=(LOCAL=YES)(ADDRESS=(PROTOCOL=beq)))')))(CONNECT_DATA=(SID=ORCL)(CID=(PROGRAM=TKSS00.exe)(HOST=MC-B039)(USER=takase))))

  VERSION INFORMATION:
	TNS for 32-bit Windows: Version 2.3.4.0.0 - Production
	Oracle Bequeath NT Protocol Adapter for 32-bit Windows: Version 2.3.4.0.0 - Production
  Time: 06-SEP-04 09:12:07
  Tracing not turned on.
  Tns error struct:
    nr err code: 12206
    TNS-12206: TNS: ナビゲーション中にTNSエラーを受け取りました。
    ns main err code: 12547
    TNS-12547: TNS: コンタクトが消失しました。
    ns secondary err code: 12560
    nt main err code: 517
    TNS-00517: コンタクトがなくなりました。
    nt secondary err code: 0
    nt OS err code: 0


***********************************************************************
Fatal NI connect error 12560, connecting to:
 (DESCRIPTION=(ADDRESS=(PROTOCOL=TCP)(HOST=172.18.209.160)(PORT=1521))(CONNECT_DATA=(SERVICE_NAME=KTRS)(CID=(PROGRAM=C:\出荷検査システム\Source\開発Code\Tkss00\TKSS00.exe)(HOST=MTS-7L0ZO5A873U)(USER=sano))))

  VERSION INFORMATION:
	TNS for 32-bit Windows: Version 9.2.0.1.0 - Production
	Windows NT TCP/IP NT Protocol Adapter for 32-bit Windows: Version 9.2.0.1.0 - Production
  Time: 12-APR-2013 09:21:15
  Tracing not turned on.
  Tns error struct:
    nr err code: 0
    ns main err code: 12560
    TNS-12560: TNS: プロトコル・アダプタ・エラー
    ns secondary err code: 0
    nt main err code: 538
    TNS-00538: Message 538 not found;  product=NETWORK; facility=TNS

    nt secondary err code: 65
    nt OS err code: 0


***********************************************************************
Fatal NI connect error 12560, connecting to:
 (DESCRIPTION=(ADDRESS=(PROTOCOL=TCP)(HOST=172.18.209.160)(PORT=1521))(CONNECT_DATA=(SERVICE_NAME=KTRS)(CID=(PROGRAM=C:\Program Files\Borland\CBuilder4\Bin\BCB.exe)(HOST=MTS-7L0ZO5A873U)(USER=sano))))

  VERSION INFORMATION:
	TNS for 32-bit Windows: Version 9.2.0.1.0 - Production
	Windows NT TCP/IP NT Protocol Adapter for 32-bit Windows: Version 9.2.0.1.0 - Production
  Time: 12-APR-2013 10:03:57
  Tracing not turned on.
  Tns error struct:
    nr err code: 0
    ns main err code: 12560
    TNS-12560: TNS: プロトコル・アダプタ・エラー
    ns secondary err code: 0
    nt main err code: 538
    TNS-00538: Message 538 not found;  product=NETWORK; facility=TNS

    nt secondary err code: 65
    nt OS err code: 0


***********************************************************************
Fatal NI connect error 12560, connecting to:
 (DESCRIPTION=(ADDRESS=(PROTOCOL=TCP)(HOST=172.18.209.160)(PORT=1521))(CONNECT_DATA=(SERVICE_NAME=KTRS)(CID=(PROGRAM=C:\出荷検査システム\Source\開発Code\Tkss00\TKSS00.exe)(HOST=MTS-7L0ZO5A873U)(USER=sano))))

  VERSION INFORMATION:
	TNS for 32-bit Windows: Version 9.2.0.1.0 - Production
	Windows NT TCP/IP NT Protocol Adapter for 32-bit Windows: Version 9.2.0.1.0 - Production
  Time: 12-APR-2013 10:06:18
  Tracing not turned on.
  Tns error struct:
    nr err code: 0
    ns main err code: 12560
    TNS-12560: TNS: プロトコル・アダプタ・エラー
    ns secondary err code: 0
    nt main err code: 538
    TNS-00538: Message 538 not found;  product=NETWORK; facility=TNS

    nt secondary err code: 65
    nt OS err code: 0
